# JRE version: OpenJDK Runtime Environment (11.0.13+8) (build 11.0.13+8-post-Raspbian-1deb11u1)
# Java VM: OpenJDK Server VM (11.0.13+8-post-Raspbian-1deb11u1, mixed mode, g1 gc, linux-)
Heap:
 garbage-first heap   total 28672K, used 7827K [0x8e200000, 0xab800000)
  region size 1024K, 1 young (1024K), 0 survivors (0K)
 Metaspace       used 7034K, capacity 7135K, committed 7192K, reserved 7472K
GC Heap History (20 events):
Event: 1.662 GC heap before
{Heap before GC invocations=8 (full 1):
 garbage-first heap   total 7168K, used 3220K [0x8e200000, 0xab800000)
  region size 1024K, 2 young (2048K), 1 survivors (1024K)
 Metaspace       used 5240K, capacity 5298K, committed 5400K, reserved 5424K
}
Event: 1.665 GC heap after
{Heap after GC invocations=9 (full 1):
 garbage-first heap   total 7168K, used 2293K [0x8e200000, 0xab800000)
  region size 1024K, 1 young (1024K), 1 survivors (1024K)
 Metaspace       used 5240K, capacity 5298K, committed 5400K, reserved 5424K
}
Event: 1.678 GC heap before
{Heap before GC invocations=9 (full 1):
 garbage-first heap   total 7168K, used 3317K [0x8e200000, 0xab800000)
  region size 1024K, 2 young (2048K), 1 survivors (1024K)
 Metaspace       used 5241K, capacity 5298K, committed 5400K, reserved 5424K
}
Event: 1.681 GC heap after
{Heap after GC invocations=10 (full 1):
 garbage-first heap   total 19456K, used 2384K [0x8e200000, 0xab800000)
  region size 1024K, 1 young (1024K), 1 survivors (1024K)
 Metaspace       used 5241K, capacity 5298K, committed 5400K, reserved 5424K
}
Event: 1.783 GC heap before
{Heap before GC invocations=10 (full 1):
 garbage-first heap   total 19456K, used 8528K [0x8e200000, 0xab800000)
  region size 1024K, 7 young (7168K), 1 survivors (1024K)
 Metaspace       used 5252K, capacity 5330K, committed 5400K, reserved 5424K
}
Event: 1.789 GC heap after
{Heap after GC invocations=11 (full 1):
 garbage-first heap   total 19456K, used 2908K [0x8e200000, 0xab800000)
  region size 1024K, 1 young (1024K), 1 survivors (1024K)
 Metaspace       used 5252K, capacity 5330K, committed 5400K, reserved 5424K
}
Event: 1.848 GC heap before
{Heap before GC invocations=11 (full 1):
 garbage-first heap   total 19456K, used 9052K [0x8e200000, 0xab800000)
  region size 1024K, 7 young (7168K), 1 survivors (1024K)
 Metaspace       used 5255K, capacity 5330K, committed 5400K, reserved 5424K
}
Event: 1.856 GC heap after
{Heap after GC invocations=12 (full 1):
 garbage-first heap   total 19456K, used 3507K [0x8e200000, 0xab800000)
  region size 1024K, 1 young (1024K), 1 survivors (1024K)
 Metaspace       used 5255K, capacity 5330K, committed 5400K, reserved 5424K
}
Event: 1.925 GC heap before
{Heap before GC invocations=12 (full 1):
 garbage-first heap   total 19456K, used 9651K [0x8e200000, 0xab800000)
  region size 1024K, 7 young (7168K), 1 survivors (1024K)
 Metaspace       used 5255K, capacity 5330K, committed 5400K, reserved 5424K
}
Event: 1.933 GC heap after
{Heap after GC invocations=13 (full 1):
 garbage-first heap   total 19456K, used 4094K [0x8e200000, 0xab800000)
  region size 1024K, 1 young (1024K), 1 survivors (1024K)
 Metaspace       used 5255K, capacity 5330K, committed 5400K, reserved 5424K
}
Event: 1.986 GC heap before
{Heap before GC invocations=13 (full 1):
 garbage-first heap   total 19456K, used 10238K [0x8e200000, 0xab800000)
  region size 1024K, 7 young (7168K), 1 survivors (1024K)
 Metaspace       used 5258K, capacity 5330K, committed 5400K, reserved 5424K
}
Event: 1.995 GC heap after
{Heap after GC invocations=14 (full 1):
 garbage-first heap   total 28672K, used 4757K [0x8e200000, 0xab800000)
  region size 1024K, 1 young (1024K), 1 survivors (1024K)
 Metaspace       used 5258K, capacity 5330K, committed 5400K, reserved 5424K
}
Event: 2.173 GC heap before
{Heap before GC invocations=14 (full 1):
 garbage-first heap   total 28672K, used 13973K [0x8e200000, 0xab800000)
  region size 1024K, 10 young (10240K), 1 survivors (1024K)
 Metaspace       used 5273K, capacity 5336K, committed 5400K, reserved 5424K
}
Event: 2.184 GC heap after
{Heap after GC invocations=15 (full 1):
 garbage-first heap   total 28672K, used 5579K [0x8e200000, 0xab800000)
  region size 1024K, 2 young (2048K), 2 survivors (2048K)
 Metaspace       used 5273K, capacity 5336K, committed 5400K, reserved 5424K
}
Event: 3.273 GC heap before
{Heap before GC invocations=15 (full 1):
 garbage-first heap   total 28672K, used 15819K [0x8e200000, 0xab800000)
  region size 1024K, 12 young (12288K), 2 survivors (2048K)
 Metaspace       used 6719K, capacity 6815K, committed 6936K, reserved 7472K
}
Event: 3.285 GC heap after
{Heap after GC invocations=16 (full 1):
 garbage-first heap   total 28672K, used 7608K [0x8e200000, 0xab800000)
  region size 1024K, 2 young (2048K), 2 survivors (2048K)
 Metaspace       used 6719K, capacity 6815K, committed 6936K, reserved 7472K
}
Event: 11.816 GC heap before
{Heap before GC invocations=16 (full 1):
 garbage-first heap   total 28672K, used 16824K [0x8e200000, 0xab800000)
  region size 1024K, 11 young (11264K), 2 survivors (2048K)
 Metaspace       used 7032K, capacity 7135K, committed 7192K, reserved 7472K
}
Event: 11.845 GC heap after
{Heap after GC invocations=17 (full 1):
 garbage-first heap   total 28672K, used 9982K [0x8e200000, 0xab800000)
  region size 1024K, 2 young (2048K), 2 survivors (2048K)
 Metaspace       used 7032K, capacity 7135K, committed 7192K, reserved 7472K
}
Event: 12.058 GC heap before
{Heap before GC invocations=17 (full 1):
 garbage-first heap   total 28672K, used 12030K [0x8e200000, 0xab800000)
  region size 1024K, 5 young (5120K), 2 survivors (2048K)
 Metaspace       used 7032K, capacity 7135K, committed 7192K, reserved 7472K
}
Event: 12.122 GC heap after
{Heap after GC invocations=18 (full 2):
 garbage-first heap   total 28672K, used 7827K [0x8e200000, 0xab800000)
  region size 1024K, 0 young (0K), 0 survivors (0K)
 Metaspace       used 7032K, capacity 7135K, committed 7192K, reserved 7472K
}

