# JRE version: OpenJDK Runtime Environment (11.0.13+8) (build 11.0.13+8-post-Raspbian-1deb11u1)
# Java VM: OpenJDK Server VM (11.0.13+8-post-Raspbian-1deb11u1, mixed mode, g1 gc, linux-)
Heap:
 garbage-first heap   total 60416K, used 27157K [0x8e200000, 0xab800000)
  region size 1024K, 5 young (5120K), 1 survivors (1024K)
 Metaspace       used 8717K, capacity 8807K, committed 8856K, reserved 9520K
GC Heap History (20 events):
Event: 107.644 GC heap before
{Heap before GC invocations=106 (full 4):
 garbage-first heap   total 57344K, used 28514K [0x8e200000, 0xab800000)
  region size 1024K, 3 young (3072K), 2 survivors (2048K)
 Metaspace       used 8692K, capacity 8807K, committed 8856K, reserved 9520K
}
Event: 107.671 GC heap after
{Heap after GC invocations=107 (full 4):
 garbage-first heap   total 58368K, used 24785K [0x8e200000, 0xab800000)
  region size 1024K, 1 young (1024K), 1 survivors (1024K)
 Metaspace       used 8692K, capacity 8807K, committed 8856K, reserved 9520K
}
Event: 108.351 GC heap before
{Heap before GC invocations=107 (full 4):
 garbage-first heap   total 58368K, used 36049K [0x8e200000, 0xab800000)
  region size 1024K, 12 young (12288K), 1 survivors (1024K)
 Metaspace       used 8692K, capacity 8807K, committed 8856K, reserved 9520K
}
Event: 108.385 GC heap after
{Heap after GC invocations=108 (full 4):
 garbage-first heap   total 58368K, used 29695K [0x8e200000, 0xab800000)
  region size 1024K, 2 young (2048K), 2 survivors (2048K)
 Metaspace       used 8692K, capacity 8807K, committed 8856K, reserved 9520K
}
Event: 109.122 GC heap before
{Heap before GC invocations=109 (full 4):
 garbage-first heap   total 58368K, used 32767K [0x8e200000, 0xab800000)
  region size 1024K, 11 young (11264K), 2 survivors (2048K)
 Metaspace       used 8703K, capacity 8807K, committed 8856K, reserved 9520K
}
Event: 109.159 GC heap after
{Heap after GC invocations=110 (full 4):
 garbage-first heap   total 58368K, used 26769K [0x8e200000, 0xab800000)
  region size 1024K, 2 young (2048K), 2 survivors (2048K)
 Metaspace       used 8703K, capacity 8807K, committed 8856K, reserved 9520K
}
Event: 109.165 GC heap before
{Heap before GC invocations=110 (full 4):
 garbage-first heap   total 58368K, used 27793K [0x8e200000, 0xab800000)
  region size 1024K, 3 young (3072K), 2 survivors (2048K)
 Metaspace       used 8703K, capacity 8807K, committed 8856K, reserved 9520K
}
Event: 109.202 GC heap after
{Heap after GC invocations=111 (full 4):
 garbage-first heap   total 58368K, used 23915K [0x8e200000, 0xab800000)
  region size 1024K, 1 young (1024K), 1 survivors (1024K)
 Metaspace       used 8703K, capacity 8807K, committed 8856K, reserved 9520K
}
Event: 109.924 GC heap before
{Heap before GC invocations=111 (full 4):
 garbage-first heap   total 58368K, used 35179K [0x8e200000, 0xab800000)
  region size 1024K, 12 young (12288K), 1 survivors (1024K)
 Metaspace       used 8703K, capacity 8807K, committed 8856K, reserved 9520K
}
Event: 109.957 GC heap after
{Heap after GC invocations=112 (full 4):
 garbage-first heap   total 59392K, used 28419K [0x8e200000, 0xab800000)
  region size 1024K, 2 young (2048K), 2 survivors (2048K)
 Metaspace       used 8703K, capacity 8807K, committed 8856K, reserved 9520K
}
Event: 110.685 GC heap before
{Heap before GC invocations=113 (full 4):
 garbage-first heap   total 59392K, used 31491K [0x8e200000, 0xab800000)
  region size 1024K, 12 young (12288K), 2 survivors (2048K)
 Metaspace       used 8704K, capacity 8807K, committed 8856K, reserved 9520K
}
Event: 110.726 GC heap after
{Heap after GC invocations=114 (full 4):
 garbage-first heap   total 59392K, used 25109K [0x8e200000, 0xab800000)
  region size 1024K, 2 young (2048K), 2 survivors (2048K)
 Metaspace       used 8704K, capacity 8807K, committed 8856K, reserved 9520K
}
Event: 110.730 GC heap before
{Heap before GC invocations=114 (full 4):
 garbage-first heap   total 59392K, used 26133K [0x8e200000, 0xab800000)
  region size 1024K, 3 young (3072K), 2 survivors (2048K)
 Metaspace       used 8704K, capacity 8807K, committed 8856K, reserved 9520K
}
Event: 110.760 GC heap after
{Heap after GC invocations=115 (full 4):
 garbage-first heap   total 59392K, used 22396K [0x8e200000, 0xab800000)
  region size 1024K, 1 young (1024K), 1 survivors (1024K)
 Metaspace       used 8704K, capacity 8807K, committed 8856K, reserved 9520K
}
Event: 111.429 GC heap before
{Heap before GC invocations=115 (full 4):
 garbage-first heap   total 59392K, used 34684K [0x8e200000, 0xab800000)
  region size 1024K, 13 young (13312K), 1 survivors (1024K)
 Metaspace       used 8704K, capacity 8807K, committed 8856K, reserved 9520K
}
Event: 111.476 GC heap after
{Heap after GC invocations=116 (full 4):
 garbage-first heap   total 59392K, used 27905K [0x8e200000, 0xab800000)
  region size 1024K, 2 young (2048K), 2 survivors (2048K)
 Metaspace       used 8704K, capacity 8807K, committed 8856K, reserved 9520K
}
Event: 112.112 GC heap before
{Heap before GC invocations=117 (full 4):
 garbage-first heap   total 59392K, used 35073K [0x8e200000, 0xab800000)
  region size 1024K, 13 young (13312K), 2 survivors (2048K)
 Metaspace       used 8704K, capacity 8807K, committed 8856K, reserved 9520K
}
Event: 112.162 GC heap after
{Heap after GC invocations=118 (full 4):
 garbage-first heap   total 60416K, used 28563K [0x8e200000, 0xab800000)
  region size 1024K, 2 young (2048K), 2 survivors (2048K)
 Metaspace       used 8704K, capacity 8807K, committed 8856K, reserved 9520K
}
Event: 112.173 GC heap before
{Heap before GC invocations=118 (full 4):
 garbage-first heap   total 60416K, used 29587K [0x8e200000, 0xab800000)
  region size 1024K, 3 young (3072K), 2 survivors (2048K)
 Metaspace       used 8704K, capacity 8807K, committed 8856K, reserved 9520K
}
Event: 112.204 GC heap after
{Heap after GC invocations=119 (full 4):
 garbage-first heap   total 60416K, used 24085K [0x8e200000, 0xab800000)
  region size 1024K, 1 young (1024K), 1 survivors (1024K)
 Metaspace       used 8704K, capacity 8807K, committed 8856K, reserved 9520K
}

